c:\users\yoo in kyung\desktop\수업자료\winapi_4주4일\client\x64\release\client.pch
c:\users\yoo in kyung\desktop\수업자료\winapi_4주4일\client\x64\release\vc142.pdb
c:\users\yoo in kyung\desktop\수업자료\winapi_4주4일\client\x64\release\pch.obj
c:\users\yoo in kyung\desktop\수업자료\winapi_4주4일\client\x64\release\ckeymgr.obj
c:\users\yoo in kyung\desktop\수업자료\winapi_4주4일\client\x64\release\citemmenu.obj
c:\users\yoo in kyung\desktop\수업자료\winapi_4주4일\client\x64\release\chand.obj
c:\users\yoo in kyung\desktop\수업자료\winapi_4주4일\client\x64\release\cguidedbullet.obj
c:\users\yoo in kyung\desktop\수업자료\winapi_4주4일\client\x64\release\cgate.obj
c:\users\yoo in kyung\desktop\수업자료\winapi_4주4일\client\x64\release\ceventmgr.obj
c:\users\yoo in kyung\desktop\수업자료\winapi_4주4일\client\x64\release\ccore.obj
c:\users\yoo in kyung\desktop\수업자료\winapi_4주4일\client\x64\release\ccomponent.obj
c:\users\yoo in kyung\desktop\수업자료\winapi_4주4일\client\x64\release\ccollider.obj
c:\users\yoo in kyung\desktop\수업자료\winapi_4주4일\client\x64\release\cbullet.obj
c:\users\yoo in kyung\desktop\수업자료\winapi_4주4일\client\x64\release\canimator.obj
c:\users\yoo in kyung\desktop\수업자료\winapi_4주4일\client\x64\release\cfsm.obj
c:\users\yoo in kyung\desktop\수업자료\winapi_4주4일\client\x64\release\cforcepoint.obj
c:\users\yoo in kyung\desktop\수업자료\winapi_4주4일\client\x64\release\cenergybullet.obj
c:\users\yoo in kyung\desktop\수업자료\winapi_4주4일\client\x64\release\cdoor.obj
c:\users\yoo in kyung\desktop\수업자료\winapi_4주4일\client\x64\release\ccollisionmgr.obj
c:\users\yoo in kyung\desktop\수업자료\winapi_4주4일\client\x64\release\ccamera.obj
c:\users\yoo in kyung\desktop\수업자료\winapi_4주4일\client\x64\release\cbtnui.obj
c:\users\yoo in kyung\desktop\수업자료\winapi_4주4일\client\x64\release\cblock.obj
c:\users\yoo in kyung\desktop\수업자료\winapi_4주4일\client\x64\release\canimation.obj
c:\users\yoo in kyung\desktop\수업자료\winapi_4주4일\client\x64\release\cstage_start.obj
c:\users\yoo in kyung\desktop\수업자료\winapi_4주4일\client\x64\release\cstage_play01.obj
c:\users\yoo in kyung\desktop\수업자료\winapi_4주4일\client\x64\release\cstagemgr.obj
c:\users\yoo in kyung\desktop\수업자료\winapi_4주4일\client\x64\release\cstage.obj
c:\users\yoo in kyung\desktop\수업자료\winapi_4주4일\client\x64\release\cresmgr.obj
c:\users\yoo in kyung\desktop\수업자료\winapi_4주4일\client\x64\release\cres.obj
c:\users\yoo in kyung\desktop\수업자료\winapi_4주4일\client\x64\release\cpathmgr.obj
c:\users\yoo in kyung\desktop\수업자료\winapi_4주4일\client\x64\release\cpanel.obj
c:\users\yoo in kyung\desktop\수업자료\winapi_4주4일\client\x64\release\cobj.obj
c:\users\yoo in kyung\desktop\수업자료\winapi_4주4일\client\x64\release\cmovement.obj
c:\users\yoo in kyung\desktop\수업자료\winapi_4주4일\client\x64\release\cmonster.obj
c:\users\yoo in kyung\desktop\수업자료\winapi_4주4일\client\x64\release\ctitle.obj
c:\users\yoo in kyung\desktop\수업자료\winapi_4주4일\client\x64\release\ctext.obj
c:\users\yoo in kyung\desktop\수업자료\winapi_4주4일\client\x64\release\ctable.obj
c:\users\yoo in kyung\desktop\수업자료\winapi_4주4일\client\x64\release\cstartscript.obj
c:\users\yoo in kyung\desktop\수업자료\winapi_4주4일\client\x64\release\cstartanimation.obj
c:\users\yoo in kyung\desktop\수업자료\winapi_4주4일\client\x64\release\csoundmgr.obj
c:\users\yoo in kyung\desktop\수업자료\winapi_4주4일\client\x64\release\csound.obj
c:\users\yoo in kyung\desktop\수업자료\winapi_4주4일\client\x64\release\cscript.obj
c:\users\yoo in kyung\desktop\수업자료\winapi_4주4일\client\x64\release\cpicture.obj
c:\users\yoo in kyung\desktop\수업자료\winapi_4주4일\client\x64\release\stage_b_04.obj
c:\users\yoo in kyung\desktop\수업자료\winapi_4주4일\client\x64\release\stage_b_03.obj
c:\users\yoo in kyung\desktop\수업자료\winapi_4주4일\client\x64\release\stage_b_02.obj
c:\users\yoo in kyung\desktop\수업자료\winapi_4주4일\client\x64\release\stage_b_01.obj
c:\users\yoo in kyung\desktop\수업자료\winapi_4주4일\client\x64\release\stage_b_00.obj
c:\users\yoo in kyung\desktop\수업자료\winapi_4주4일\client\x64\release\main.obj
c:\users\yoo in kyung\desktop\수업자료\winapi_4주4일\client\x64\release\gameover.obj
c:\users\yoo in kyung\desktop\수업자료\winapi_4주4일\client\x64\release\func.obj
c:\users\yoo in kyung\desktop\수업자료\winapi_4주4일\client\x64\release\endstage.obj
c:\users\yoo in kyung\desktop\수업자료\winapi_4주4일\client\x64\release\cuimgr.obj
c:\users\yoo in kyung\desktop\수업자료\winapi_4주4일\client\x64\release\cui.obj
c:\users\yoo in kyung\desktop\수업자료\winapi_4주4일\client\x64\release\ctimemgr.obj
c:\users\yoo in kyung\desktop\수업자료\winapi_4주4일\client\x64\release\ctile.obj
c:\users\yoo in kyung\desktop\수업자료\winapi_4주4일\client\x64\release\ctexture.obj
c:\users\yoo in kyung\desktop\수업자료\winapi_4주4일\client\x64\release\cstate_trace.obj
c:\users\yoo in kyung\desktop\수업자료\winapi_4주4일\client\x64\release\cstate_idle.obj
c:\users\yoo in kyung\desktop\수업자료\winapi_4주4일\client\x64\release\cstate_dead.obj
c:\users\yoo in kyung\desktop\수업자료\winapi_4주4일\client\x64\release\cstate_attack.obj
c:\users\yoo in kyung\desktop\수업자료\winapi_4주4일\client\x64\release\cstate.obj
c:\users\yoo in kyung\desktop\수업자료\winapi_4주4일\client\x64\release\cstage_tool.obj
c:\users\yoo in kyung\desktop\수업자료\winapi_4주4일\client\x64\release\stage_m_2f_02.obj
c:\users\yoo in kyung\desktop\수업자료\winapi_4주4일\client\x64\release\stage_m_2f_01.obj
c:\users\yoo in kyung\desktop\수업자료\winapi_4주4일\client\x64\release\stage_m_1f_pic.obj
c:\users\yoo in kyung\desktop\수업자료\winapi_4주4일\client\x64\release\stage_m_1f_03.obj
c:\users\yoo in kyung\desktop\수업자료\winapi_4주4일\client\x64\release\stage_m_1f_02.obj
c:\users\yoo in kyung\desktop\수업자료\winapi_4주4일\client\x64\release\stage_m_1f_01_02.obj
c:\users\yoo in kyung\desktop\수업자료\winapi_4주4일\client\x64\release\stage_m_1f_01.obj
c:\users\yoo in kyung\desktop\수업자료\winapi_4주4일\client\x64\release\stage_m_1f_00.obj
c:\users\yoo in kyung\desktop\수업자료\winapi_4주4일\client\x64\release\stage_g_03.obj
c:\users\yoo in kyung\desktop\수업자료\winapi_4주4일\client\x64\release\stage_g_02.obj
c:\users\yoo in kyung\desktop\수업자료\winapi_4주4일\client\x64\release\stage_g_01.obj
c:\users\yoo in kyung\desktop\수업자료\winapi_4주4일\client\x64\release\cplayer.obj
c:\users\yoo in kyung\desktop\수업자료\winapi_4주4일\outputfile\bin\client.exe
c:\users\yoo in kyung\desktop\수업자료\winapi_4주4일\client\x64\release\client.ipdb
c:\users\yoo in kyung\desktop\수업자료\winapi_4주4일\client\x64\release\client.iobj
c:\users\yoo in kyung\desktop\수업자료\winapi_4주4일\outputfile\bin\client.pdb
c:\users\yoo in kyung\desktop\수업자료\winapi_4주4일\client\x64\release\client.res
c:\users\yoo in kyung\desktop\수업자료\winapi_4주4일\client\x64\release\client.tlog\cl.command.1.tlog
c:\users\yoo in kyung\desktop\수업자료\winapi_4주4일\client\x64\release\client.tlog\cl.read.1.tlog
c:\users\yoo in kyung\desktop\수업자료\winapi_4주4일\client\x64\release\client.tlog\cl.write.1.tlog
c:\users\yoo in kyung\desktop\수업자료\winapi_4주4일\client\x64\release\client.tlog\link.command.1.tlog
c:\users\yoo in kyung\desktop\수업자료\winapi_4주4일\client\x64\release\client.tlog\link.read.1.tlog
c:\users\yoo in kyung\desktop\수업자료\winapi_4주4일\client\x64\release\client.tlog\link.write.1.tlog
c:\users\yoo in kyung\desktop\수업자료\winapi_4주4일\client\x64\release\client.tlog\rc.command.1.tlog
c:\users\yoo in kyung\desktop\수업자료\winapi_4주4일\client\x64\release\client.tlog\rc.read.1.tlog
c:\users\yoo in kyung\desktop\수업자료\winapi_4주4일\client\x64\release\client.tlog\rc.write.1.tlog
