c:\users\yoo in kyung\desktop\수업자료\winapi_4주4일\client\x64\debug\vc142.pdb
c:\users\yoo in kyung\desktop\수업자료\winapi_4주4일\client\x64\debug\vc142.idb
c:\users\yoo in kyung\desktop\수업자료\winapi_4주4일\client\x64\debug\cobj.obj
c:\users\yoo in kyung\desktop\수업자료\winapi_4주4일\client\x64\debug\cmovement.obj
c:\users\yoo in kyung\desktop\수업자료\winapi_4주4일\client\x64\debug\cmonster.obj
c:\users\yoo in kyung\desktop\수업자료\winapi_4주4일\client\x64\debug\ctitle.obj
c:\users\yoo in kyung\desktop\수업자료\winapi_4주4일\client\x64\debug\ckeymgr.obj
c:\users\yoo in kyung\desktop\수업자료\winapi_4주4일\client\x64\debug\cguidedbullet.obj
c:\users\yoo in kyung\desktop\수업자료\winapi_4주4일\client\x64\debug\ceventmgr.obj
c:\users\yoo in kyung\desktop\수업자료\winapi_4주4일\client\x64\debug\ccore.obj
c:\users\yoo in kyung\desktop\수업자료\winapi_4주4일\client\x64\debug\ccomponent.obj
c:\users\yoo in kyung\desktop\수업자료\winapi_4주4일\client\x64\debug\ccollider.obj
c:\users\yoo in kyung\desktop\수업자료\winapi_4주4일\client\x64\debug\cbullet.obj
c:\users\yoo in kyung\desktop\수업자료\winapi_4주4일\client\x64\debug\canimator.obj
c:\users\yoo in kyung\desktop\수업자료\winapi_4주4일\client\x64\debug\cfsm.obj
c:\users\yoo in kyung\desktop\수업자료\winapi_4주4일\client\x64\debug\cforcepoint.obj
c:\users\yoo in kyung\desktop\수업자료\winapi_4주4일\client\x64\debug\cenergybullet.obj
c:\users\yoo in kyung\desktop\수업자료\winapi_4주4일\client\x64\debug\ccollisionmgr.obj
c:\users\yoo in kyung\desktop\수업자료\winapi_4주4일\client\x64\debug\ccamera.obj
c:\users\yoo in kyung\desktop\수업자료\winapi_4주4일\client\x64\debug\cbtnui.obj
c:\users\yoo in kyung\desktop\수업자료\winapi_4주4일\client\x64\debug\cblock.obj
c:\users\yoo in kyung\desktop\수업자료\winapi_4주4일\client\x64\debug\canimation.obj
c:\users\yoo in kyung\desktop\수업자료\winapi_4주4일\client\x64\debug\func.obj
c:\users\yoo in kyung\desktop\수업자료\winapi_4주4일\client\x64\debug\cuimgr.obj
c:\users\yoo in kyung\desktop\수업자료\winapi_4주4일\client\x64\debug\cui.obj
c:\users\yoo in kyung\desktop\수업자료\winapi_4주4일\client\x64\debug\ctimemgr.obj
c:\users\yoo in kyung\desktop\수업자료\winapi_4주4일\client\x64\debug\ctile.obj
c:\users\yoo in kyung\desktop\수업자료\winapi_4주4일\client\x64\debug\ctexture.obj
c:\users\yoo in kyung\desktop\수업자료\winapi_4주4일\client\x64\debug\cstate_trace.obj
c:\users\yoo in kyung\desktop\수업자료\winapi_4주4일\client\x64\debug\cstate_idle.obj
c:\users\yoo in kyung\desktop\수업자료\winapi_4주4일\client\x64\debug\cstate_dead.obj
c:\users\yoo in kyung\desktop\수업자료\winapi_4주4일\client\x64\debug\cstate_attack.obj
c:\users\yoo in kyung\desktop\수업자료\winapi_4주4일\client\x64\debug\cstate.obj
c:\users\yoo in kyung\desktop\수업자료\winapi_4주4일\client\x64\debug\cstage_tool.obj
c:\users\yoo in kyung\desktop\수업자료\winapi_4주4일\client\x64\debug\cstage_start.obj
c:\users\yoo in kyung\desktop\수업자료\winapi_4주4일\client\x64\debug\cstage_play01.obj
c:\users\yoo in kyung\desktop\수업자료\winapi_4주4일\client\x64\debug\cstagemgr.obj
c:\users\yoo in kyung\desktop\수업자료\winapi_4주4일\client\x64\debug\cstage.obj
c:\users\yoo in kyung\desktop\수업자료\winapi_4주4일\client\x64\debug\cresmgr.obj
c:\users\yoo in kyung\desktop\수업자료\winapi_4주4일\client\x64\debug\cres.obj
c:\users\yoo in kyung\desktop\수업자료\winapi_4주4일\client\x64\debug\cpathmgr.obj
c:\users\yoo in kyung\desktop\수업자료\winapi_4주4일\client\x64\debug\cpanel.obj
c:\users\yoo in kyung\desktop\수업자료\winapi_4주4일\client\x64\debug\stage_m_1f_01.obj
c:\users\yoo in kyung\desktop\수업자료\winapi_4주4일\client\x64\debug\stage_m_1f_00.obj
c:\users\yoo in kyung\desktop\수업자료\winapi_4주4일\client\x64\debug\main.obj
c:\users\yoo in kyung\desktop\수업자료\winapi_4주4일\client\x64\debug\stage_m_1f_03.obj
c:\users\yoo in kyung\desktop\수업자료\winapi_4주4일\client\x64\debug\stage_m_1f_02.obj
c:\users\yoo in kyung\desktop\수업자료\winapi_4주4일\client\x64\debug\stage_m_2f_02.obj
c:\users\yoo in kyung\desktop\수업자료\winapi_4주4일\client\x64\debug\stage_m_2f_01.obj
c:\users\yoo in kyung\desktop\수업자료\winapi_4주4일\client\x64\debug\stage_m_1f_pic.obj
c:\users\yoo in kyung\desktop\수업자료\winapi_4주4일\client\x64\debug\stage_b_04.obj
c:\users\yoo in kyung\desktop\수업자료\winapi_4주4일\client\x64\debug\stage_b_03.obj
c:\users\yoo in kyung\desktop\수업자료\winapi_4주4일\client\x64\debug\stage_b_02.obj
c:\users\yoo in kyung\desktop\수업자료\winapi_4주4일\client\x64\debug\stage_b_01.obj
c:\users\yoo in kyung\desktop\수업자료\winapi_4주4일\client\x64\debug\stage_b_00.obj
c:\users\yoo in kyung\desktop\수업자료\winapi_4주4일\client\x64\debug\stage_g_03.obj
c:\users\yoo in kyung\desktop\수업자료\winapi_4주4일\client\x64\debug\stage_g_02.obj
c:\users\yoo in kyung\desktop\수업자료\winapi_4주4일\client\x64\debug\stage_g_01.obj
c:\users\yoo in kyung\desktop\수업자료\winapi_4주4일\client\x64\debug\cgate.obj
c:\users\yoo in kyung\desktop\수업자료\winapi_4주4일\client\x64\debug\stage_y_01.obj
c:\users\yoo in kyung\desktop\수업자료\winapi_4주4일\client\x64\debug\stage_y_00.obj
c:\users\yoo in kyung\desktop\수업자료\winapi_4주4일\client\x64\debug\stage_r_03.obj
c:\users\yoo in kyung\desktop\수업자료\winapi_4주4일\client\x64\debug\stage_r_02.obj
c:\users\yoo in kyung\desktop\수업자료\winapi_4주4일\client\x64\debug\stage_r_01.obj
c:\users\yoo in kyung\desktop\수업자료\winapi_4주4일\client\x64\debug\stage_y_08.obj
c:\users\yoo in kyung\desktop\수업자료\winapi_4주4일\client\x64\debug\stage_y_07.obj
c:\users\yoo in kyung\desktop\수업자료\winapi_4주4일\client\x64\debug\stage_y_06.obj
c:\users\yoo in kyung\desktop\수업자료\winapi_4주4일\client\x64\debug\stage_y_05.obj
c:\users\yoo in kyung\desktop\수업자료\winapi_4주4일\client\x64\debug\stage_y_04.obj
c:\users\yoo in kyung\desktop\수업자료\winapi_4주4일\client\x64\debug\stage_y_03.obj
c:\users\yoo in kyung\desktop\수업자료\winapi_4주4일\client\x64\debug\stage_y_02.obj
c:\users\yoo in kyung\desktop\수업자료\winapi_4주4일\client\x64\debug\cdoor.obj
c:\users\yoo in kyung\desktop\수업자료\winapi_4주4일\client\x64\debug\cpicture.obj
c:\users\yoo in kyung\desktop\수업자료\winapi_4주4일\client\x64\debug\ctext.obj
c:\users\yoo in kyung\desktop\수업자료\winapi_4주4일\client\x64\debug\ctable.obj
c:\users\yoo in kyung\desktop\수업자료\winapi_4주4일\client\x64\debug\cscript.obj
c:\users\yoo in kyung\desktop\수업자료\winapi_4주4일\client\x64\debug\citemmenu.obj
c:\users\yoo in kyung\desktop\수업자료\winapi_4주4일\client\x64\debug\stage_m_1f_01_02.obj
c:\users\yoo in kyung\desktop\수업자료\winapi_4주4일\client\x64\debug\canimationpic.obj
c:\users\yoo in kyung\desktop\수업자료\winapi_4주4일\client\x64\debug\chand.obj
c:\users\yoo in kyung\desktop\수업자료\winapi_4주4일\client\x64\debug\client.pch
c:\users\yoo in kyung\desktop\수업자료\winapi_4주4일\client\x64\debug\pch.obj
c:\users\yoo in kyung\desktop\수업자료\winapi_4주4일\client\x64\debug\cplayer.obj
c:\users\yoo in kyung\desktop\수업자료\winapi_4주4일\outputfile\bin_debug\client.exe
c:\users\yoo in kyung\desktop\수업자료\winapi_4주4일\client\x64\debug\client.ilk
c:\users\yoo in kyung\desktop\수업자료\winapi_4주4일\outputfile\bin_debug\client.pdb
c:\users\yoo in kyung\desktop\수업자료\winapi_4주4일\client\x64\debug\client.res
c:\users\yoo in kyung\desktop\수업자료\winapi_4주4일\client\x64\debug\ccamera.obj.enc
c:\users\yoo in kyung\desktop\수업자료\winapi_4주4일\client\x64\debug\cscript.obj.enc
c:\users\yoo in kyung\desktop\수업자료\winapi_4주4일\client\x64\debug\client.tlog\cl.command.1.tlog
c:\users\yoo in kyung\desktop\수업자료\winapi_4주4일\client\x64\debug\client.tlog\cl.read.1.tlog
c:\users\yoo in kyung\desktop\수업자료\winapi_4주4일\client\x64\debug\client.tlog\cl.write.1.tlog
c:\users\yoo in kyung\desktop\수업자료\winapi_4주4일\client\x64\debug\client.tlog\link.command.1.tlog
c:\users\yoo in kyung\desktop\수업자료\winapi_4주4일\client\x64\debug\client.tlog\link.read.1.tlog
c:\users\yoo in kyung\desktop\수업자료\winapi_4주4일\client\x64\debug\client.tlog\link.write.1.tlog
c:\users\yoo in kyung\desktop\수업자료\winapi_4주4일\client\x64\debug\client.tlog\rc.command.1.tlog
c:\users\yoo in kyung\desktop\수업자료\winapi_4주4일\client\x64\debug\client.tlog\rc.read.1.tlog
c:\users\yoo in kyung\desktop\수업자료\winapi_4주4일\client\x64\debug\client.tlog\rc.write.1.tlog
